<component name="libraryTable">
  <library name="junit:junit:4.13.2" type="repository">
    <properties maven-id="junit:junit:4.13.2" />
    <CLASSES>
      <root url="jar://$PROJECT_DIR$/lib/junit-4.13.2.jar!/" />
      <root url="jar://$PROJECT_DIR$/lib/hamcrest-core-1.3.jar!/" />
    </CLASSES>
    <JAVADOC>
      <root url="jar://$PROJECT_DIR$/lib/junit-4.13.2-javadoc.jar!/" />
      <root url="jar://$PROJECT_DIR$/lib/hamcrest-core-1.3-javadoc.jar!/" />
    </JAVADOC>
    <SOURCES>
      <root url="jar://$PROJECT_DIR$/lib/junit-4.13.2-sources.jar!/" />
      <root url="jar://$PROJECT_DIR$/lib/hamcrest-core-1.3-sources.jar!/" />
    </SOURCES>
  </library>
</component>